<?xml version="1.0" encoding="UTF-8"?>
<!-- Generated by org.testng.reporters.JUnitReportReporter -->
<testsuite hostname="DESKTOP-G00JPEE" failures="0" tests="1" name="SeleniumProject.SeleniumProject.PolicyTest" time="7.369" errors="0" timestamp="2023-11-17T21:41:24 IST" skipped="0">
  <testcase classname="SeleniumProject.SeleniumProject.PolicyTest" name="testGoogle" time="7.369"/>
  <system-out/>
</testsuite> <!-- SeleniumProject.SeleniumProject.PolicyTest -->
